<?xml version="1.0" encoding="UTF-8"?>
<!-- Generated by org.testng.reporters.JUnitXMLReporter -->
<testsuite hostname="DESKTOP-4Q7K1K5" ignored="0" tests="6" failures="0" timestamp="06 Feb 2018 02:50:29 GMT" time="14.769" errors="0">
  <testcase name="verifySignUpPage" time="5.158" classname="GoogleSignUp_Test"/>
  <testcase name="verifyTOS" time="0.907" classname="GoogleSignUp_Test"/>
  <testcase name="verifyCancelTOS" time="0.072" classname="GoogleSignUp_Test"/>
  <testcase name="verifySignUpSubmit" time="0.211" classname="GoogleSignUp_Test"/>
  <testcase name="verifyAgreeTOS" time="1.126" classname="GoogleSignUp_Test"/>
  <testcase name="verifyConfirmationPhone" time="0.028" classname="GoogleSignUp_Test"/>
</testsuite>
