<?xml version="1.0" encoding="UTF-8"?>
<testng-results skipped="0" failed="0" ignored="0" total="6" passed="6">
  <reporter-output>
  </reporter-output>
  <suite name="Default suite" duration-ms="10199" started-at="2018-02-06T00:27:36Z" finished-at="2018-02-06T00:27:47Z">
    <groups>
    </groups>
    <test name="Default test" duration-ms="10199" started-at="2018-02-06T00:27:36Z" finished-at="2018-02-06T00:27:47Z">
      <class name="GoogleSignUp_Test">
        <test-method status="PASS" signature="beforeClass()[pri:0, instance:GoogleSignUp_Test@1b604f19]" name="beforeClass" is-config="true" duration-ms="4267" started-at="2018-02-05T16:27:36Z" finished-at="2018-02-05T16:27:41Z">
          <reporter-output>
          </reporter-output>
        </test-method> <!-- beforeClass -->
        <test-method status="PASS" signature="verifySignUpPage()[pri:0, instance:GoogleSignUp_Test@1b604f19]" name="verifySignUpPage" duration-ms="3868" started-at="2018-02-05T16:27:41Z" finished-at="2018-02-05T16:27:45Z">
          <reporter-output>
          </reporter-output>
        </test-method> <!-- verifySignUpPage -->
        <test-method status="PASS" signature="verifyTOS()[pri:0, instance:GoogleSignUp_Test@1b604f19]" name="verifyTOS" duration-ms="850" started-at="2018-02-05T16:27:45Z" depends-on-methods="GoogleSignUp_Test.verifySignUpPage" finished-at="2018-02-05T16:27:45Z">
          <reporter-output>
          </reporter-output>
        </test-method> <!-- verifyTOS -->
        <test-method status="PASS" signature="verifyCancelTOS()[pri:0, instance:GoogleSignUp_Test@1b604f19]" name="verifyCancelTOS" duration-ms="119" started-at="2018-02-05T16:27:45Z" depends-on-methods="GoogleSignUp_Test.verifyTOS" finished-at="2018-02-05T16:27:46Z">
          <reporter-output>
          </reporter-output>
        </test-method> <!-- verifyCancelTOS -->
        <test-method status="PASS" signature="verifySignUpSubmit()[pri:0, instance:GoogleSignUp_Test@1b604f19]" name="verifySignUpSubmit" duration-ms="177" started-at="2018-02-05T16:27:46Z" depends-on-methods="GoogleSignUp_Test.verifyCancelTOS" finished-at="2018-02-05T16:27:46Z">
          <reporter-output>
          </reporter-output>
        </test-method> <!-- verifySignUpSubmit -->
        <test-method status="PASS" signature="verifyAgreeTOS()[pri:0, instance:GoogleSignUp_Test@1b604f19]" name="verifyAgreeTOS" duration-ms="865" started-at="2018-02-05T16:27:46Z" depends-on-methods="GoogleSignUp_Test.verifySignUpSubmit" finished-at="2018-02-05T16:27:47Z">
          <reporter-output>
          </reporter-output>
        </test-method> <!-- verifyAgreeTOS -->
        <test-method status="PASS" signature="verifyConfirmationPhone()[pri:0, instance:GoogleSignUp_Test@1b604f19]" name="verifyConfirmationPhone" duration-ms="25" started-at="2018-02-05T16:27:47Z" depends-on-methods="GoogleSignUp_Test.verifyAgreeTOS" finished-at="2018-02-05T16:27:47Z">
          <reporter-output>
          </reporter-output>
        </test-method> <!-- verifyConfirmationPhone -->
        <test-method status="PASS" signature="afterClass()[pri:0, instance:GoogleSignUp_Test@1b604f19]" name="afterClass" is-config="true" duration-ms="0" started-at="2018-02-05T16:27:47Z" finished-at="2018-02-05T16:27:47Z">
          <reporter-output>
          </reporter-output>
        </test-method> <!-- afterClass -->
      </class> <!-- GoogleSignUp_Test -->
    </test> <!-- Default test -->
  </suite> <!-- Default suite -->
</testng-results>
