<?xml version="1.0" encoding="UTF-8"?>
<testng-results skipped="0" failed="0" ignored="0" total="12" passed="12">
  <reporter-output>
  </reporter-output>
  <suite name="Suite" duration-ms="42715" started-at="2018-02-06T02:53:16Z" finished-at="2018-02-06T02:53:59Z">
    <groups>
    </groups>
    <test name="Test" duration-ms="42715" started-at="2018-02-06T02:53:16Z" finished-at="2018-02-06T02:53:59Z">
      <class name="Gibberish_Test">
        <test-method status="PASS" signature="beforeClass()[pri:0, instance:Gibberish_Test@c038203]" name="beforeClass" is-config="true" duration-ms="5765" started-at="2018-02-05T18:53:32Z" finished-at="2018-02-05T18:53:37Z">
          <reporter-output>
          </reporter-output>
        </test-method> <!-- beforeClass -->
        <test-method status="PASS" signature="checkGibberish()[pri:0, instance:Gibberish_Test@c038203]" name="checkGibberish" duration-ms="96" started-at="2018-02-05T18:53:37Z" finished-at="2018-02-05T18:53:37Z">
          <reporter-output>
          </reporter-output>
        </test-method> <!-- checkGibberish -->
        <test-method status="PASS" signature="afterClass()[pri:0, instance:Gibberish_Test@c038203]" name="afterClass" is-config="true" duration-ms="6067" started-at="2018-02-05T18:53:37Z" finished-at="2018-02-05T18:53:44Z">
          <reporter-output>
          </reporter-output>
        </test-method> <!-- afterClass -->
      </class> <!-- Gibberish_Test -->
      <class name="GoogleSignUp_Test">
        <test-method status="PASS" signature="beforeClass()[pri:0, instance:GoogleSignUp_Test@457e2f02]" name="beforeClass" is-config="true" duration-ms="3931" started-at="2018-02-05T18:53:16Z" finished-at="2018-02-05T18:53:20Z">
          <reporter-output>
          </reporter-output>
        </test-method> <!-- beforeClass -->
        <test-method status="PASS" signature="verifySignUpPage()[pri:0, instance:GoogleSignUp_Test@457e2f02]" name="verifySignUpPage" duration-ms="3648" started-at="2018-02-05T18:53:20Z" finished-at="2018-02-05T18:53:24Z">
          <reporter-output>
          </reporter-output>
        </test-method> <!-- verifySignUpPage -->
        <test-method status="PASS" signature="verifyTOS()[pri:0, instance:GoogleSignUp_Test@457e2f02]" name="verifyTOS" duration-ms="789" started-at="2018-02-05T18:53:24Z" depends-on-methods="GoogleSignUp_Test.verifySignUpPage" finished-at="2018-02-05T18:53:25Z">
          <reporter-output>
          </reporter-output>
        </test-method> <!-- verifyTOS -->
        <test-method status="PASS" signature="verifyCancelTOS()[pri:0, instance:GoogleSignUp_Test@457e2f02]" name="verifyCancelTOS" duration-ms="73" started-at="2018-02-05T18:53:25Z" depends-on-methods="GoogleSignUp_Test.verifyTOS" finished-at="2018-02-05T18:53:25Z">
          <reporter-output>
          </reporter-output>
        </test-method> <!-- verifyCancelTOS -->
        <test-method status="PASS" signature="verifySignUpSubmit()[pri:0, instance:GoogleSignUp_Test@457e2f02]" name="verifySignUpSubmit" duration-ms="175" started-at="2018-02-05T18:53:25Z" depends-on-methods="GoogleSignUp_Test.verifyCancelTOS" finished-at="2018-02-05T18:53:25Z">
          <reporter-output>
          </reporter-output>
        </test-method> <!-- verifySignUpSubmit -->
        <test-method status="PASS" signature="verifyAgreeTOS()[pri:0, instance:GoogleSignUp_Test@457e2f02]" name="verifyAgreeTOS" duration-ms="668" started-at="2018-02-05T18:53:25Z" depends-on-methods="GoogleSignUp_Test.verifySignUpSubmit" finished-at="2018-02-05T18:53:25Z">
          <reporter-output>
          </reporter-output>
        </test-method> <!-- verifyAgreeTOS -->
        <test-method status="PASS" signature="verifyConfirmationPhone()[pri:0, instance:GoogleSignUp_Test@457e2f02]" name="verifyConfirmationPhone" duration-ms="23" started-at="2018-02-05T18:53:25Z" depends-on-methods="GoogleSignUp_Test.verifyAgreeTOS" finished-at="2018-02-05T18:53:26Z">
          <reporter-output>
          </reporter-output>
        </test-method> <!-- verifyConfirmationPhone -->
        <test-method status="PASS" signature="afterClass()[pri:0, instance:GoogleSignUp_Test@457e2f02]" name="afterClass" is-config="true" duration-ms="6087" started-at="2018-02-05T18:53:26Z" finished-at="2018-02-05T18:53:32Z">
          <reporter-output>
          </reporter-output>
        </test-method> <!-- afterClass -->
      </class> <!-- GoogleSignUp_Test -->
      <class name="GoogleSearch_Test">
        <test-method status="PASS" signature="beforeClass()[pri:0, instance:GoogleSearch_Test@cc285f4]" name="beforeClass" is-config="true" duration-ms="8738" started-at="2018-02-05T18:53:44Z" finished-at="2018-02-05T18:53:52Z">
          <reporter-output>
          </reporter-output>
        </test-method> <!-- beforeClass -->
        <test-method status="PASS" signature="loadTimeCheck()[pri:0, instance:GoogleSearch_Test@cc285f4]" name="loadTimeCheck" duration-ms="53" started-at="2018-02-05T18:53:52Z" finished-at="2018-02-05T18:53:52Z">
          <reporter-output>
          </reporter-output>
        </test-method> <!-- loadTimeCheck -->
        <test-method status="PASS" signature="verifyGoogleAppsLink()[pri:0, instance:GoogleSearch_Test@cc285f4]" name="verifyGoogleAppsLink" duration-ms="38" started-at="2018-02-05T18:53:52Z" finished-at="2018-02-05T18:53:52Z">
          <reporter-output>
          </reporter-output>
        </test-method> <!-- verifyGoogleAppsLink -->
        <test-method status="PASS" signature="verifySearchKeyword()[pri:0, instance:GoogleSearch_Test@cc285f4]" name="verifySearchKeyword" duration-ms="23" started-at="2018-02-05T18:53:52Z" finished-at="2018-02-05T18:53:52Z">
          <reporter-output>
          </reporter-output>
        </test-method> <!-- verifySearchKeyword -->
        <test-method status="PASS" signature="verifySignin()[pri:0, instance:GoogleSearch_Test@cc285f4]" name="verifySignin" duration-ms="45" started-at="2018-02-05T18:53:52Z" finished-at="2018-02-05T18:53:52Z">
          <reporter-output>
          </reporter-output>
        </test-method> <!-- verifySignin -->
        <test-method status="PASS" signature="verifyTitle()[pri:0, instance:GoogleSearch_Test@cc285f4]" name="verifyTitle" duration-ms="8" started-at="2018-02-05T18:53:52Z" finished-at="2018-02-05T18:53:52Z">
          <reporter-output>
          </reporter-output>
        </test-method> <!-- verifyTitle -->
        <test-method status="PASS" signature="afterClass()[pri:0, instance:GoogleSearch_Test@cc285f4]" name="afterClass" is-config="true" duration-ms="6446" started-at="2018-02-05T18:53:52Z" finished-at="2018-02-05T18:53:59Z">
          <reporter-output>
          </reporter-output>
        </test-method> <!-- afterClass -->
      </class> <!-- GoogleSearch_Test -->
    </test> <!-- Test -->
  </suite> <!-- Suite -->
</testng-results>
