<?xml version="1.0" encoding="UTF-8"?>
<!-- Generated by org.testng.reporters.JUnitXMLReporter -->
<testsuite hostname="DESKTOP-4Q7K1K5" ignored="0" tests="12" failures="0" timestamp="06 Feb 2018 02:53:59 GMT" time="42.715" errors="0">
  <testcase name="verifySignUpPage" time="3.648" classname="GoogleSignUp_Test"/>
  <testcase name="verifyTOS" time="0.789" classname="GoogleSignUp_Test"/>
  <testcase name="verifyCancelTOS" time="0.073" classname="GoogleSignUp_Test"/>
  <testcase name="verifySignUpSubmit" time="0.175" classname="GoogleSignUp_Test"/>
  <testcase name="verifyAgreeTOS" time="0.668" classname="GoogleSignUp_Test"/>
  <testcase name="verifyConfirmationPhone" time="0.023" classname="GoogleSignUp_Test"/>
  <testcase name="checkGibberish" time="0.096" classname="Gibberish_Test"/>
  <testcase name="loadTimeCheck" time="0.053" classname="GoogleSearch_Test"/>
  <testcase name="verifyGoogleAppsLink" time="0.038" classname="GoogleSearch_Test"/>
  <testcase name="verifySearchKeyword" time="0.023" classname="GoogleSearch_Test"/>
  <testcase name="verifySignin" time="0.045" classname="GoogleSearch_Test"/>
  <testcase name="verifyTitle" time="0.008" classname="GoogleSearch_Test"/>
</testsuite>
